<?xml version="1.0" encoding="UTF-8"?>
<!-- Generated by org.testng.reporters.JUnitReportReporter -->
<testsuite skipped="0" hostname="DESKTOP-4R4IFSQ" name="testngPractice.ExcelDataProvider" tests="3" failures="0" timestamp="2020-06-17T19:41:30 IST" time="0.022" errors="0">
  <testcase name="test1" time="0.010" classname="testngPractice.ExcelDataProvider"/>
  <system-out/>
  <testcase name="test1" time="0.008" classname="testngPractice.ExcelDataProvider"/>
  <system-out/>
  <testcase name="test1" time="0.004" classname="testngPractice.ExcelDataProvider"/>
  <system-out/>
</testsuite> <!-- testngPractice.ExcelDataProvider -->
