<?xml version="1.0" encoding="UTF-8"?>
<!-- Generated by org.testng.reporters.JUnitReportReporter -->
<testsuite skipped="0" hostname="DESKTOP-4R4IFSQ" name="testngPractice.ExcelDataProvider" tests="3" failures="0" timestamp="2020-06-16T16:25:51 IST" time="0.024" errors="0">
  <testcase name="test1" time="0.003" classname="testngPractice.ExcelDataProvider"/>
  <system-out/>
  <testcase name="test1" time="0.012" classname="testngPractice.ExcelDataProvider"/>
  <system-out/>
  <testcase name="test1" time="0.009" classname="testngPractice.ExcelDataProvider"/>
  <system-out/>
</testsuite> <!-- testngPractice.ExcelDataProvider -->
